<?xml version="1.0" encoding="UTF-8"?>
<testng-results ignored="0" total="2" passed="2" failed="0" skipped="0">
  <reporter-output>
  </reporter-output>
  <suite started-at="2023-08-01T14:53:19 IST" name="Default suite" finished-at="2023-08-01T14:53:39 IST" duration-ms="19581">
    <groups>
    </groups>
    <test started-at="2023-08-01T14:53:19 IST" name="Default test" finished-at="2023-08-01T14:53:39 IST" duration-ms="19581">
      <class name="rb.test.HashmapConsumerTest">
        <test-method is-config="true" signature="beforeSuite()[pri:0, instance:rb.test.HashmapConsumerTest@5f049ea1]" started-at="2023-08-01T14:53:19 IST" name="beforeSuite" finished-at="2023-08-01T14:53:19 IST" duration-ms="11" status="PASS">
          <reporter-output>
          </reporter-output>
        </test-method> <!-- beforeSuite -->
        <test-method is-config="true" signature="launchURL()[pri:0, instance:rb.test.HashmapConsumerTest@5f049ea1]" started-at="2023-08-01T14:53:19 IST" name="launchURL" finished-at="2023-08-01T14:53:28 IST" duration-ms="9165" status="PASS">
          <reporter-output>
          </reporter-output>
        </test-method> <!-- launchURL -->
        <test-method signature="testHashMapDataProvider(java.util.HashMap)[pri:0, instance:rb.test.HashmapConsumerTest@5f049ea1]" started-at="2023-08-01T14:53:28 IST" name="testHashMapDataProvider" data-provider="csvDataProvider" finished-at="2023-08-01T14:53:32 IST" duration-ms="4126" status="PASS">
          <params>
            <param index="0">
              <value>
                <![CDATA[{Item=case1, username=student, password=Password123}]]>
              </value>
            </param>
          </params>
          <reporter-output>
          </reporter-output>
        </test-method> <!-- testHashMapDataProvider -->
        <test-method signature="testHashMapDataProvider(java.util.HashMap)[pri:0, instance:rb.test.HashmapConsumerTest@5f049ea1]" started-at="2023-08-01T14:53:32 IST" name="testHashMapDataProvider" data-provider="csvDataProvider" finished-at="2023-08-01T14:53:35 IST" duration-ms="2897" status="PASS">
          <params>
            <param index="0">
              <value>
                <![CDATA[{Item=case2, username=student1, password=Password222}]]>
              </value>
            </param>
          </params>
          <reporter-output>
          </reporter-output>
        </test-method> <!-- testHashMapDataProvider -->
        <test-method is-config="true" signature="afterSuite()[pri:0, instance:rb.test.HashmapConsumerTest@5f049ea1]" started-at="2023-08-01T14:53:35 IST" name="afterSuite" finished-at="2023-08-01T14:53:39 IST" duration-ms="3330" status="PASS">
          <reporter-output>
          </reporter-output>
        </test-method> <!-- afterSuite -->
      </class> <!-- rb.test.HashmapConsumerTest -->
    </test> <!-- Default test -->
  </suite> <!-- Default suite -->
</testng-results>
